[2026-01-08T01:14:02.234+0000] {local_task_job_runner.py:123} INFO - ::group::Pre task execution logs
[2026-01-08T01:14:02.245+0000] {taskinstance.py:2613} INFO - Dependencies all met for dep_context=non-requeueable deps ti=<TaskInstance: retail_dbt_daily_pipeline.dbt_run scheduled__2026-01-06T06:00:00+00:00 [queued]>
[2026-01-08T01:14:02.251+0000] {taskinstance.py:2613} INFO - Dependencies all met for dep_context=requeueable deps ti=<TaskInstance: retail_dbt_daily_pipeline.dbt_run scheduled__2026-01-06T06:00:00+00:00 [queued]>
[2026-01-08T01:14:02.251+0000] {taskinstance.py:2866} INFO - Starting attempt 1 of 2
[2026-01-08T01:14:02.258+0000] {taskinstance.py:2889} INFO - Executing <Task(BashOperator): dbt_run> on 2026-01-06 06:00:00+00:00
[2026-01-08T01:14:02.262+0000] {logging_mixin.py:190} WARNING - /home/***/.local/lib/python3.12/site-packages/***/task/task_runner/standard_task_runner.py:70 DeprecationWarning: This process (pid=237) is multi-threaded, use of fork() may lead to deadlocks in the child.
[2026-01-08T01:14:02.263+0000] {standard_task_runner.py:72} INFO - Started process 238 to run task
[2026-01-08T01:14:02.262+0000] {standard_task_runner.py:104} INFO - Running: ['***', 'tasks', 'run', 'retail_dbt_daily_pipeline', 'dbt_run', 'scheduled__2026-01-06T06:00:00+00:00', '--job-id', '7', '--raw', '--subdir', 'DAGS_FOLDER/retail_dw_daily.py', '--cfg-path', '/tmp/tmpuz267pdp']
[2026-01-08T01:14:02.264+0000] {standard_task_runner.py:105} INFO - Job 7: Subtask dbt_run
[2026-01-08T01:14:02.296+0000] {task_command.py:467} INFO - Running <TaskInstance: retail_dbt_daily_pipeline.dbt_run scheduled__2026-01-06T06:00:00+00:00 [running]> on host a507ef954979
[2026-01-08T01:14:02.387+0000] {taskinstance.py:3132} INFO - Exporting env vars: AIRFLOW_CTX_DAG_OWNER='data-engineering' AIRFLOW_CTX_DAG_ID='retail_dbt_daily_pipeline' AIRFLOW_CTX_TASK_ID='dbt_run' AIRFLOW_CTX_EXECUTION_DATE='2026-01-06T06:00:00+00:00' AIRFLOW_CTX_TRY_NUMBER='1' AIRFLOW_CTX_DAG_RUN_ID='scheduled__2026-01-06T06:00:00+00:00'
[2026-01-08T01:14:02.387+0000] {taskinstance.py:731} INFO - ::endgroup::
[2026-01-08T01:14:02.404+0000] {subprocess.py:78} INFO - Tmp dir root location: /tmp
[2026-01-08T01:14:02.405+0000] {subprocess.py:88} INFO - Running command: ['/usr/bin/bash', '-c', 'cd /opt/***/dbt/retail_dbt && dbt run']
[2026-01-08T01:14:02.421+0000] {subprocess.py:99} INFO - Output:
[2026-01-08T01:14:04.575+0000] {subprocess.py:106} INFO - [0m01:14:04  Running with dbt=1.8.2
[2026-01-08T01:14:05.538+0000] {subprocess.py:106} INFO - [0m01:14:05  Registered adapter: snowflake=1.8.2
[2026-01-08T01:14:05.633+0000] {subprocess.py:106} INFO - [0m01:14:05  Encountered an error:
[2026-01-08T01:14:05.634+0000] {subprocess.py:106} INFO - Runtime Error
[2026-01-08T01:14:05.635+0000] {subprocess.py:106} INFO -   Failed to read package: Runtime Error
[2026-01-08T01:14:05.635+0000] {subprocess.py:106} INFO -     No dbt_project.yml found at expected path /opt/***/dbt/retail_dbt/dbt_packages/dbt_utils/dbt_project.yml
[2026-01-08T01:14:05.636+0000] {subprocess.py:106} INFO -     Verify that each entry within packages.yml (and their transitive dependencies) contains a file named dbt_project.yml
[2026-01-08T01:14:05.636+0000] {subprocess.py:106} INFO - 
[2026-01-08T01:14:05.636+0000] {subprocess.py:106} INFO - 
[2026-01-08T01:14:05.637+0000] {subprocess.py:106} INFO - Error encountered in /opt/***/dbt/retail_dbt/dbt_packages/dbt_utils
[2026-01-08T01:14:06.175+0000] {subprocess.py:110} INFO - Command exited with return code 2
[2026-01-08T01:14:06.185+0000] {taskinstance.py:3311} ERROR - Task failed with exception
Traceback (most recent call last):
  File "/home/airflow/.local/lib/python3.12/site-packages/airflow/models/taskinstance.py", line 767, in _execute_task
    result = _execute_callable(context=context, **execute_callable_kwargs)
             ^^^^^^^^^^^^^^^^^^^^^^^^^^^^^^^^^^^^^^^^^^^^^^^^^^^^^^^^^^^^^
  File "/home/airflow/.local/lib/python3.12/site-packages/airflow/models/taskinstance.py", line 733, in _execute_callable
    return ExecutionCallableRunner(
           ^^^^^^^^^^^^^^^^^^^^^^^^
  File "/home/airflow/.local/lib/python3.12/site-packages/airflow/utils/operator_helpers.py", line 252, in run
    return self.func(*args, **kwargs)
           ^^^^^^^^^^^^^^^^^^^^^^^^^^
  File "/home/airflow/.local/lib/python3.12/site-packages/airflow/models/baseoperator.py", line 417, in wrapper
    return func(self, *args, **kwargs)
           ^^^^^^^^^^^^^^^^^^^^^^^^^^^
  File "/home/airflow/.local/lib/python3.12/site-packages/airflow/operators/bash.py", line 276, in execute
    raise AirflowException(
airflow.exceptions.AirflowException: Bash command failed. The command returned a non-zero exit code 2.
[2026-01-08T01:14:06.191+0000] {taskinstance.py:1225} INFO - Marking task as UP_FOR_RETRY. dag_id=retail_dbt_daily_pipeline, task_id=dbt_run, run_id=scheduled__2026-01-06T06:00:00+00:00, execution_date=20260106T060000, start_date=20260108T011402, end_date=20260108T011406
[2026-01-08T01:14:06.210+0000] {taskinstance.py:340} INFO - ::group::Post task execution logs
[2026-01-08T01:14:06.211+0000] {standard_task_runner.py:124} ERROR - Failed to execute job 7 for task dbt_run (Bash command failed. The command returned a non-zero exit code 2.; 238)
Traceback (most recent call last):
  File "/home/airflow/.local/lib/python3.12/site-packages/airflow/task/task_runner/standard_task_runner.py", line 117, in _start_by_fork
    ret = args.func(args, dag=self.dag)
          ^^^^^^^^^^^^^^^^^^^^^^^^^^^^^
  File "/home/airflow/.local/lib/python3.12/site-packages/airflow/cli/cli_config.py", line 49, in command
    return func(*args, **kwargs)
           ^^^^^^^^^^^^^^^^^^^^^
  File "/home/airflow/.local/lib/python3.12/site-packages/airflow/utils/cli.py", line 116, in wrapper
    return f(*args, **kwargs)
           ^^^^^^^^^^^^^^^^^^
  File "/home/airflow/.local/lib/python3.12/site-packages/airflow/cli/commands/task_command.py", line 483, in task_run
    task_return_code = _run_task_by_selected_method(args, _dag, ti)
                       ^^^^^^^^^^^^^^^^^^^^^^^^^^^^^^^^^^^^^^^^^^^^
  File "/home/airflow/.local/lib/python3.12/site-packages/airflow/cli/commands/task_command.py", line 256, in _run_task_by_selected_method
    return _run_raw_task(args, ti)
           ^^^^^^^^^^^^^^^^^^^^^^^
  File "/home/airflow/.local/lib/python3.12/site-packages/airflow/cli/commands/task_command.py", line 341, in _run_raw_task
    return ti._run_raw_task(
           ^^^^^^^^^^^^^^^^^
  File "/home/airflow/.local/lib/python3.12/site-packages/airflow/utils/session.py", line 97, in wrapper
    return func(*args, session=session, **kwargs)
           ^^^^^^^^^^^^^^^^^^^^^^^^^^^^^^^^^^^^^^
  File "/home/airflow/.local/lib/python3.12/site-packages/airflow/models/taskinstance.py", line 3005, in _run_raw_task
    return _run_raw_task(
           ^^^^^^^^^^^^^^
  File "/home/airflow/.local/lib/python3.12/site-packages/airflow/models/taskinstance.py", line 273, in _run_raw_task
    TaskInstance._execute_task_with_callbacks(
  File "/home/airflow/.local/lib/python3.12/site-packages/airflow/models/taskinstance.py", line 3159, in _execute_task_with_callbacks
    result = self._execute_task(context, task_orig)
             ^^^^^^^^^^^^^^^^^^^^^^^^^^^^^^^^^^^^^^
  File "/home/airflow/.local/lib/python3.12/site-packages/airflow/models/taskinstance.py", line 3183, in _execute_task
    return _execute_task(self, context, task_orig)
           ^^^^^^^^^^^^^^^^^^^^^^^^^^^^^^^^^^^^^^^
  File "/home/airflow/.local/lib/python3.12/site-packages/airflow/models/taskinstance.py", line 767, in _execute_task
    result = _execute_callable(context=context, **execute_callable_kwargs)
             ^^^^^^^^^^^^^^^^^^^^^^^^^^^^^^^^^^^^^^^^^^^^^^^^^^^^^^^^^^^^^
  File "/home/airflow/.local/lib/python3.12/site-packages/airflow/models/taskinstance.py", line 733, in _execute_callable
    return ExecutionCallableRunner(
           ^^^^^^^^^^^^^^^^^^^^^^^^
  File "/home/airflow/.local/lib/python3.12/site-packages/airflow/utils/operator_helpers.py", line 252, in run
    return self.func(*args, **kwargs)
           ^^^^^^^^^^^^^^^^^^^^^^^^^^
  File "/home/airflow/.local/lib/python3.12/site-packages/airflow/models/baseoperator.py", line 417, in wrapper
    return func(self, *args, **kwargs)
           ^^^^^^^^^^^^^^^^^^^^^^^^^^^
  File "/home/airflow/.local/lib/python3.12/site-packages/airflow/operators/bash.py", line 276, in execute
    raise AirflowException(
airflow.exceptions.AirflowException: Bash command failed. The command returned a non-zero exit code 2.
[2026-01-08T01:14:06.249+0000] {local_task_job_runner.py:266} INFO - Task exited with return code 1
[2026-01-08T01:14:06.266+0000] {taskinstance.py:3895} INFO - 0 downstream tasks scheduled from follow-on schedule check
[2026-01-08T01:14:06.267+0000] {local_task_job_runner.py:245} INFO - ::endgroup::
