[2026-01-07T07:17:45.826+0000] {local_task_job_runner.py:123} INFO - ::group::Pre task execution logs
[2026-01-07T07:17:45.844+0000] {taskinstance.py:2613} INFO - Dependencies all met for dep_context=non-requeueable deps ti=<TaskInstance: retail_dbt_daily_pipeline.dbt_deps scheduled__2026-01-06T06:00:00+00:00 [queued]>
[2026-01-07T07:17:45.850+0000] {taskinstance.py:2613} INFO - Dependencies all met for dep_context=requeueable deps ti=<TaskInstance: retail_dbt_daily_pipeline.dbt_deps scheduled__2026-01-06T06:00:00+00:00 [queued]>
[2026-01-07T07:17:45.851+0000] {taskinstance.py:2866} INFO - Starting attempt 1 of 2
[2026-01-07T07:17:45.859+0000] {taskinstance.py:2889} INFO - Executing <Task(BashOperator): dbt_deps> on 2026-01-06 06:00:00+00:00
[2026-01-07T07:17:45.865+0000] {logging_mixin.py:190} WARNING - /home/***/.local/lib/python3.12/site-packages/***/task/task_runner/standard_task_runner.py:70 DeprecationWarning: This process (pid=963) is multi-threaded, use of fork() may lead to deadlocks in the child.
[2026-01-07T07:17:45.866+0000] {standard_task_runner.py:72} INFO - Started process 964 to run task
[2026-01-07T07:17:45.865+0000] {standard_task_runner.py:104} INFO - Running: ['***', 'tasks', 'run', 'retail_dbt_daily_pipeline', 'dbt_deps', 'scheduled__2026-01-06T06:00:00+00:00', '--job-id', '19', '--raw', '--subdir', 'DAGS_FOLDER/retail_dw_daily.py', '--cfg-path', '/tmp/tmpmhyy21wb']
[2026-01-07T07:17:45.868+0000] {standard_task_runner.py:105} INFO - Job 19: Subtask dbt_deps
[2026-01-07T07:17:45.908+0000] {task_command.py:467} INFO - Running <TaskInstance: retail_dbt_daily_pipeline.dbt_deps scheduled__2026-01-06T06:00:00+00:00 [running]> on host ba90d3b0ab5d
[2026-01-07T07:17:45.973+0000] {taskinstance.py:3132} INFO - Exporting env vars: AIRFLOW_CTX_DAG_OWNER='data-engineering' AIRFLOW_CTX_DAG_ID='retail_dbt_daily_pipeline' AIRFLOW_CTX_TASK_ID='dbt_deps' AIRFLOW_CTX_EXECUTION_DATE='2026-01-06T06:00:00+00:00' AIRFLOW_CTX_TRY_NUMBER='1' AIRFLOW_CTX_DAG_RUN_ID='scheduled__2026-01-06T06:00:00+00:00'
[2026-01-07T07:17:45.974+0000] {taskinstance.py:731} INFO - ::endgroup::
[2026-01-07T07:17:45.987+0000] {subprocess.py:78} INFO - Tmp dir root location: /tmp
[2026-01-07T07:17:45.989+0000] {subprocess.py:88} INFO - Running command: ['/usr/bin/bash', '-c', 'cd /opt/***/dbt/retail_dbt && dbt deps']
[2026-01-07T07:17:45.996+0000] {subprocess.py:99} INFO - Output:
[2026-01-07T07:17:45.999+0000] {subprocess.py:106} INFO - /usr/bin/bash: line 1: dbt: command not found
[2026-01-07T07:17:45.999+0000] {subprocess.py:110} INFO - Command exited with return code 127
[2026-01-07T07:17:46.010+0000] {taskinstance.py:3311} ERROR - Task failed with exception
Traceback (most recent call last):
  File "/home/airflow/.local/lib/python3.12/site-packages/airflow/models/taskinstance.py", line 767, in _execute_task
    result = _execute_callable(context=context, **execute_callable_kwargs)
             ^^^^^^^^^^^^^^^^^^^^^^^^^^^^^^^^^^^^^^^^^^^^^^^^^^^^^^^^^^^^^
  File "/home/airflow/.local/lib/python3.12/site-packages/airflow/models/taskinstance.py", line 733, in _execute_callable
    return ExecutionCallableRunner(
           ^^^^^^^^^^^^^^^^^^^^^^^^
  File "/home/airflow/.local/lib/python3.12/site-packages/airflow/utils/operator_helpers.py", line 252, in run
    return self.func(*args, **kwargs)
           ^^^^^^^^^^^^^^^^^^^^^^^^^^
  File "/home/airflow/.local/lib/python3.12/site-packages/airflow/models/baseoperator.py", line 417, in wrapper
    return func(self, *args, **kwargs)
           ^^^^^^^^^^^^^^^^^^^^^^^^^^^
  File "/home/airflow/.local/lib/python3.12/site-packages/airflow/operators/bash.py", line 276, in execute
    raise AirflowException(
airflow.exceptions.AirflowException: Bash command failed. The command returned a non-zero exit code 127.
[2026-01-07T07:17:46.017+0000] {taskinstance.py:1225} INFO - Marking task as UP_FOR_RETRY. dag_id=retail_dbt_daily_pipeline, task_id=dbt_deps, run_id=scheduled__2026-01-06T06:00:00+00:00, execution_date=20260106T060000, start_date=20260107T071745, end_date=20260107T071746
[2026-01-07T07:17:46.027+0000] {taskinstance.py:340} INFO - ::group::Post task execution logs
[2026-01-07T07:17:46.027+0000] {standard_task_runner.py:124} ERROR - Failed to execute job 19 for task dbt_deps (Bash command failed. The command returned a non-zero exit code 127.; 964)
Traceback (most recent call last):
  File "/home/airflow/.local/lib/python3.12/site-packages/airflow/task/task_runner/standard_task_runner.py", line 117, in _start_by_fork
    ret = args.func(args, dag=self.dag)
          ^^^^^^^^^^^^^^^^^^^^^^^^^^^^^
  File "/home/airflow/.local/lib/python3.12/site-packages/airflow/cli/cli_config.py", line 49, in command
    return func(*args, **kwargs)
           ^^^^^^^^^^^^^^^^^^^^^
  File "/home/airflow/.local/lib/python3.12/site-packages/airflow/utils/cli.py", line 116, in wrapper
    return f(*args, **kwargs)
           ^^^^^^^^^^^^^^^^^^
  File "/home/airflow/.local/lib/python3.12/site-packages/airflow/cli/commands/task_command.py", line 483, in task_run
    task_return_code = _run_task_by_selected_method(args, _dag, ti)
                       ^^^^^^^^^^^^^^^^^^^^^^^^^^^^^^^^^^^^^^^^^^^^
  File "/home/airflow/.local/lib/python3.12/site-packages/airflow/cli/commands/task_command.py", line 256, in _run_task_by_selected_method
    return _run_raw_task(args, ti)
           ^^^^^^^^^^^^^^^^^^^^^^^
  File "/home/airflow/.local/lib/python3.12/site-packages/airflow/cli/commands/task_command.py", line 341, in _run_raw_task
    return ti._run_raw_task(
           ^^^^^^^^^^^^^^^^^
  File "/home/airflow/.local/lib/python3.12/site-packages/airflow/utils/session.py", line 97, in wrapper
    return func(*args, session=session, **kwargs)
           ^^^^^^^^^^^^^^^^^^^^^^^^^^^^^^^^^^^^^^
  File "/home/airflow/.local/lib/python3.12/site-packages/airflow/models/taskinstance.py", line 3005, in _run_raw_task
    return _run_raw_task(
           ^^^^^^^^^^^^^^
  File "/home/airflow/.local/lib/python3.12/site-packages/airflow/models/taskinstance.py", line 273, in _run_raw_task
    TaskInstance._execute_task_with_callbacks(
  File "/home/airflow/.local/lib/python3.12/site-packages/airflow/models/taskinstance.py", line 3159, in _execute_task_with_callbacks
    result = self._execute_task(context, task_orig)
             ^^^^^^^^^^^^^^^^^^^^^^^^^^^^^^^^^^^^^^
  File "/home/airflow/.local/lib/python3.12/site-packages/airflow/models/taskinstance.py", line 3183, in _execute_task
    return _execute_task(self, context, task_orig)
           ^^^^^^^^^^^^^^^^^^^^^^^^^^^^^^^^^^^^^^^
  File "/home/airflow/.local/lib/python3.12/site-packages/airflow/models/taskinstance.py", line 767, in _execute_task
    result = _execute_callable(context=context, **execute_callable_kwargs)
             ^^^^^^^^^^^^^^^^^^^^^^^^^^^^^^^^^^^^^^^^^^^^^^^^^^^^^^^^^^^^^
  File "/home/airflow/.local/lib/python3.12/site-packages/airflow/models/taskinstance.py", line 733, in _execute_callable
    return ExecutionCallableRunner(
           ^^^^^^^^^^^^^^^^^^^^^^^^
  File "/home/airflow/.local/lib/python3.12/site-packages/airflow/utils/operator_helpers.py", line 252, in run
    return self.func(*args, **kwargs)
           ^^^^^^^^^^^^^^^^^^^^^^^^^^
  File "/home/airflow/.local/lib/python3.12/site-packages/airflow/models/baseoperator.py", line 417, in wrapper
    return func(self, *args, **kwargs)
           ^^^^^^^^^^^^^^^^^^^^^^^^^^^
  File "/home/airflow/.local/lib/python3.12/site-packages/airflow/operators/bash.py", line 276, in execute
    raise AirflowException(
airflow.exceptions.AirflowException: Bash command failed. The command returned a non-zero exit code 127.
[2026-01-07T07:17:46.055+0000] {local_task_job_runner.py:266} INFO - Task exited with return code 1
[2026-01-07T07:17:46.074+0000] {taskinstance.py:3895} INFO - 0 downstream tasks scheduled from follow-on schedule check
[2026-01-07T07:17:46.075+0000] {local_task_job_runner.py:245} INFO - ::endgroup::
[2026-01-08T01:13:44.140+0000] {local_task_job_runner.py:123} INFO - ::group::Pre task execution logs
[2026-01-08T01:13:44.152+0000] {taskinstance.py:2613} INFO - Dependencies all met for dep_context=non-requeueable deps ti=<TaskInstance: retail_dbt_daily_pipeline.dbt_deps scheduled__2026-01-06T06:00:00+00:00 [queued]>
[2026-01-08T01:13:44.157+0000] {taskinstance.py:2613} INFO - Dependencies all met for dep_context=requeueable deps ti=<TaskInstance: retail_dbt_daily_pipeline.dbt_deps scheduled__2026-01-06T06:00:00+00:00 [queued]>
[2026-01-08T01:13:44.158+0000] {taskinstance.py:2866} INFO - Starting attempt 1 of 2
[2026-01-08T01:13:44.165+0000] {taskinstance.py:2889} INFO - Executing <Task(BashOperator): dbt_deps> on 2026-01-06 06:00:00+00:00
[2026-01-08T01:13:44.171+0000] {logging_mixin.py:190} WARNING - /home/***/.local/lib/python3.12/site-packages/***/task/task_runner/standard_task_runner.py:70 DeprecationWarning: This process (pid=198) is multi-threaded, use of fork() may lead to deadlocks in the child.
[2026-01-08T01:13:44.172+0000] {standard_task_runner.py:72} INFO - Started process 199 to run task
[2026-01-08T01:13:44.172+0000] {standard_task_runner.py:104} INFO - Running: ['***', 'tasks', 'run', 'retail_dbt_daily_pipeline', 'dbt_deps', 'scheduled__2026-01-06T06:00:00+00:00', '--job-id', '5', '--raw', '--subdir', 'DAGS_FOLDER/retail_dw_daily.py', '--cfg-path', '/tmp/tmpceajjlw5']
[2026-01-08T01:13:44.174+0000] {standard_task_runner.py:105} INFO - Job 5: Subtask dbt_deps
[2026-01-08T01:13:44.213+0000] {task_command.py:467} INFO - Running <TaskInstance: retail_dbt_daily_pipeline.dbt_deps scheduled__2026-01-06T06:00:00+00:00 [running]> on host a507ef954979
[2026-01-08T01:13:44.272+0000] {taskinstance.py:3132} INFO - Exporting env vars: AIRFLOW_CTX_DAG_OWNER='data-engineering' AIRFLOW_CTX_DAG_ID='retail_dbt_daily_pipeline' AIRFLOW_CTX_TASK_ID='dbt_deps' AIRFLOW_CTX_EXECUTION_DATE='2026-01-06T06:00:00+00:00' AIRFLOW_CTX_TRY_NUMBER='1' AIRFLOW_CTX_DAG_RUN_ID='scheduled__2026-01-06T06:00:00+00:00'
[2026-01-08T01:13:44.273+0000] {taskinstance.py:731} INFO - ::endgroup::
[2026-01-08T01:13:44.330+0000] {subprocess.py:78} INFO - Tmp dir root location: /tmp
[2026-01-08T01:13:44.331+0000] {subprocess.py:88} INFO - Running command: ['/usr/bin/bash', '-c', 'cd /opt/***/dbt/retail_dbt && dbt deps']
[2026-01-08T01:13:44.338+0000] {subprocess.py:99} INFO - Output:
[2026-01-08T01:13:46.066+0000] {subprocess.py:106} INFO - [0m01:13:46  Running with dbt=1.8.2
[2026-01-08T01:13:46.493+0000] {subprocess.py:106} INFO - [0m01:13:46  Installing dbt-labs/dbt_utils
[2026-01-08T01:13:47.177+0000] {subprocess.py:106} INFO - [0m01:13:47  Installed from version 1.3.0
[2026-01-08T01:13:47.178+0000] {subprocess.py:106} INFO - [0m01:13:47  Updated version available: 1.3.3
[2026-01-08T01:13:47.179+0000] {subprocess.py:106} INFO - [0m01:13:47
[2026-01-08T01:13:47.179+0000] {subprocess.py:106} INFO - [0m01:13:47  Updates available for packages: ['dbt-labs/dbt_utils']
[2026-01-08T01:13:47.180+0000] {subprocess.py:106} INFO - Update your versions in packages.yml, then run dbt deps
[2026-01-08T01:13:47.726+0000] {subprocess.py:110} INFO - Command exited with return code 0
[2026-01-08T01:13:47.745+0000] {taskinstance.py:340} INFO - ::group::Post task execution logs
[2026-01-08T01:13:47.745+0000] {taskinstance.py:352} INFO - Marking task as SUCCESS. dag_id=retail_dbt_daily_pipeline, task_id=dbt_deps, run_id=scheduled__2026-01-06T06:00:00+00:00, execution_date=20260106T060000, start_date=20260108T011344, end_date=20260108T011347
[2026-01-08T01:13:47.773+0000] {local_task_job_runner.py:266} INFO - Task exited with return code 0
[2026-01-08T01:13:47.789+0000] {taskinstance.py:3895} INFO - 1 downstream tasks scheduled from follow-on schedule check
[2026-01-08T01:13:47.790+0000] {local_task_job_runner.py:245} INFO - ::endgroup::
